This is pdfTeX, Version 3.141592653-2.6-1.40.22 (TeX Live 2021) (preloaded format=pdflatex 2021.6.28)  27 SEP 2021 23:29
entering extended mode
 \write18 enabled.
 %&-line parsing enabled.
**content/kactl.tex
(./content/kactl.tex
LaTeX2e <2020-10-01> patch level 4
L3 programming layer <2021-02-18> (/usr/local/texlive/2021/texmf-dist/tex/latex/extsizes/extreport.cls
Document Class: extreport 1996/10/08 v1.0 Non Standard LaTeX document class
(/usr/local/texlive/2021/texmf-dist/tex/latex/extsizes/size9.clo
File: size9.clo 1999/11/11 v1.4a NON-Standard LaTeX file (size option)
) (/usr/local/texlive/2021/texmf-dist/tex/latex/base/exscale.sty
Package: exscale 2018/09/24 v2.1i Standard LaTeX package exscale
LaTeX Font Info:    Redeclaring symbol font `largesymbols' on input line 57.
LaTeX Font Info:    Overwriting symbol font `largesymbols' in version `normal'
(Font)                  OMX/cmex/m/n --> OMX/cmex/m/n on input line 57.
LaTeX Font Info:    Overwriting symbol font `largesymbols' in version `bold'
(Font)                  OMX/cmex/m/n --> OMX/cmex/m/n on input line 57.
\big@size=\dimen138
)
\c@part=\count179
\c@chapter=\count180
\c@section=\count181
\c@subsection=\count182
\c@subsubsection=\count183
\c@paragraph=\count184
\c@subparagraph=\count185
\c@figure=\count186
\c@table=\count187
\abovecaptionskip=\skip47
\belowcaptionskip=\skip48
\bibindent=\dimen139
) (content/tex/kactlpkg.sty
Package: kactlpkg 
 (/usr/local/texlive/2021/texmf-dist/tex/latex/base/inputenc.sty
Package: inputenc 2020/08/01 v1.3d Input encoding file
\inpenc@prehook=\toks15
\inpenc@posthook=\toks16
) (/usr/local/texlive/2021/texmf-dist/tex/latex/listings/listings.sty (/usr/local/texlive/2021/texmf-dist/tex/latex/graphics/keyval.sty
Package: keyval 2014/10/28 v1.15 key=value parser (DPC)
\KV@toks@=\toks17
)
\lst@mode=\count188
\lst@gtempboxa=\box47
\lst@token=\toks18
\lst@length=\count189
\lst@currlwidth=\dimen140
\lst@column=\count190
\lst@pos=\count191
\lst@lostspace=\dimen141
\lst@width=\dimen142
\lst@newlines=\count192
\lst@lineno=\count193
\lst@maxwidth=\dimen143
 (/usr/local/texlive/2021/texmf-dist/tex/latex/listings/lstmisc.sty
File: lstmisc.sty 2020/03/24 1.8d (Carsten Heinz)
\c@lstnumber=\count194
\lst@skipnumbers=\count195
\lst@framebox=\box48
) (/usr/local/texlive/2021/texmf-dist/tex/latex/listings/listings.cfg
File: listings.cfg 2020/03/24 1.8d listings configuration
))
Package: listings 2020/03/24 1.8d (Carsten Heinz)
 (/usr/local/texlive/2021/texmf-dist/tex/latex/framed/framed.sty
Package: framed 2011/10/22 v 0.96: framed or shaded text with page breaks
\OuterFrameSep=\skip49
\fb@frw=\dimen144
\fb@frh=\dimen145
\FrameRule=\dimen146
\FrameSep=\dimen147
) (/usr/local/texlive/2021/texmf-dist/tex/latex/geometry/geometry.sty
Package: geometry 2020/01/02 v5.9 Page Geometry
 (/usr/local/texlive/2021/texmf-dist/tex/generic/iftex/ifvtex.sty
Package: ifvtex 2019/10/25 v1.7 ifvtex legacy package. Use iftex instead.
 (/usr/local/texlive/2021/texmf-dist/tex/generic/iftex/iftex.sty
Package: iftex 2020/03/06 v1.0d TeX engine tests
))
\Gm@cnth=\count196
\Gm@cntv=\count197
\c@Gm@tempcnt=\count198
\Gm@bindingoffset=\dimen148
\Gm@wd@mp=\dimen149
\Gm@odd@mp=\dimen150
\Gm@even@mp=\dimen151
\Gm@layoutwidth=\dimen152
\Gm@layoutheight=\dimen153
\Gm@layouthoffset=\dimen154
\Gm@layoutvoffset=\dimen155
\Gm@dimlist=\toks19
) (/usr/local/texlive/2021/texmf-dist/tex/latex/tools/multicol.sty
Package: multicol 2019/12/09 v1.8y multicolumn formatting (FMi)
\c@tracingmulticols=\count199
\mult@box=\box49
\multicol@leftmargin=\dimen156
\c@unbalance=\count266
\c@collectmore=\count267
\doublecol@number=\count268
\multicoltolerance=\count269
\multicolpretolerance=\count270
\full@width=\dimen157
\page@free=\dimen158
\premulticols=\dimen159
\postmulticols=\dimen160
\multicolsep=\skip50
\multicolbaselineskip=\skip51
\partial@page=\box50
\last@line=\box51
\maxbalancingoverflow=\dimen161
\mult@rightbox=\box52
\mult@grightbox=\box53
\mult@gfirstbox=\box54
\mult@firstbox=\box55
\@tempa=\box56
\@tempa=\box57
\@tempa=\box58
\@tempa=\box59
\@tempa=\box60
\@tempa=\box61
\@tempa=\box62
\@tempa=\box63
\@tempa=\box64
\@tempa=\box65
\@tempa=\box66
\@tempa=\box67
\@tempa=\box68
\@tempa=\box69
\@tempa=\box70
\@tempa=\box71
\@tempa=\box72
\@tempa=\box73
\@tempa=\box74
\@tempa=\box75
\@tempa=\box76
\@tempa=\box77
\@tempa=\box78
\@tempa=\box79
\@tempa=\box80
\@tempa=\box81
\@tempa=\box82
\@tempa=\box83
\@tempa=\box84
\@tempa=\box85
\@tempa=\box86
\@tempa=\box87
\@tempa=\box88
\@tempa=\box89
\@tempa=\box90
\@tempa=\box91
\@tempa=\box92
\c@minrows=\count271
\c@columnbadness=\count272
\c@finalcolumnbadness=\count273
\last@try=\dimen162
\multicolovershoot=\dimen163
\multicolundershoot=\dimen164
\mult@nat@firstbox=\box93
\colbreak@box=\box94
\mc@col@check@num=\count274
) (/usr/local/texlive/2021/texmf-dist/tex/latex/fancyhdr/fancyhdr.sty
Package: fancyhdr 2021/01/28 v4.0.1 Extensive control of page headers and footers
\f@nch@headwidth=\skip52
\f@nch@O@elh=\skip53
\f@nch@O@erh=\skip54
\f@nch@O@olh=\skip55
\f@nch@O@orh=\skip56
\f@nch@O@elf=\skip57
\f@nch@O@erf=\skip58
\f@nch@O@olf=\skip59
\f@nch@O@orf=\skip60
) (/usr/local/texlive/2021/texmf-dist/tex/latex/amsmath/amsbsy.sty
Package: amsbsy 1999/11/29 v1.2d Bold Symbols
 (/usr/local/texlive/2021/texmf-dist/tex/latex/amsmath/amsgen.sty
File: amsgen.sty 1999/11/30 v2.0 generic functions
\@emptytoks=\toks20
\ex@=\dimen165
)
\pmbraise@=\dimen166
) (/usr/local/texlive/2021/texmf-dist/tex/latex/amsfonts/amssymb.sty
Package: amssymb 2013/01/14 v3.01 AMS font symbols
 (/usr/local/texlive/2021/texmf-dist/tex/latex/amsfonts/amsfonts.sty
Package: amsfonts 2013/01/14 v3.01 Basic AMSFonts support
\symAMSa=\mathgroup4
\symAMSb=\mathgroup5
LaTeX Font Info:    Redeclaring math symbol \hbar on input line 98.
LaTeX Font Info:    Overwriting math alphabet `\mathfrak' in version `bold'
(Font)                  U/euf/m/n --> U/euf/b/n on input line 106.
)) (/usr/local/texlive/2021/texmf-dist/tex/latex/amsmath/amsmath.sty
Package: amsmath 2020/09/23 v2.17i AMS math features
\@mathmargin=\skip61

For additional information on amsmath, use the `?' option.
(/usr/local/texlive/2021/texmf-dist/tex/latex/amsmath/amstext.sty
Package: amstext 2000/06/29 v2.01 AMS text
) (/usr/local/texlive/2021/texmf-dist/tex/latex/amsmath/amsopn.sty
Package: amsopn 2016/03/08 v2.02 operator names
)
\inf@bad=\count275
LaTeX Info: Redefining \frac on input line 234.
\uproot@=\count276
\leftroot@=\count277
LaTeX Info: Redefining \overline on input line 399.
\classnum@=\count278
\DOTSCASE@=\count279
LaTeX Info: Redefining \ldots on input line 496.
LaTeX Info: Redefining \dots on input line 499.
LaTeX Info: Redefining \cdots on input line 620.
\Mathstrutbox@=\box95
\strutbox@=\box96
\big@size=\dimen167
LaTeX Font Info:    Redeclaring font encoding OML on input line 743.
LaTeX Font Info:    Redeclaring font encoding OMS on input line 744.
\macc@depth=\count280
\c@MaxMatrixCols=\count281
\dotsspace@=\muskip16
\c@parentequation=\count282
\dspbrk@lvl=\count283
\tag@help=\toks21
\row@=\count284
\column@=\count285
\maxfields@=\count286
\andhelp@=\toks22
\eqnshift@=\dimen168
\alignsep@=\dimen169
\tagshift@=\dimen170
\tagwidth@=\dimen171
\totwidth@=\dimen172
\lineht@=\dimen173
\@envbody=\toks23
\multlinegap=\skip62
\multlinetaggap=\skip63
\mathdisplay@stack=\toks24
LaTeX Info: Redefining \[ on input line 2923.
LaTeX Info: Redefining \] on input line 2924.
) (/usr/local/texlive/2021/texmf-dist/tex/latex/tocloft/tocloft.sty
Package: tocloft 2017/08/31 v2.3i parameterised ToC, etc., typesetting
Package tocloft Info: The document has chapter divisions on input line 51.
\cftparskip=\skip64
\cftbeforetoctitleskip=\skip65
\cftaftertoctitleskip=\skip66
\cftbeforepartskip=\skip67
\cftpartnumwidth=\skip68
\cftpartindent=\skip69
\cftbeforechapskip=\skip70
\cftchapindent=\skip71
\cftchapnumwidth=\skip72
\cftbeforesecskip=\skip73
\cftsecindent=\skip74
\cftsecnumwidth=\skip75
\cftbeforesubsecskip=\skip76
\cftsubsecindent=\skip77
\cftsubsecnumwidth=\skip78
\cftbeforesubsubsecskip=\skip79
\cftsubsubsecindent=\skip80
\cftsubsubsecnumwidth=\skip81
\cftbeforeparaskip=\skip82
\cftparaindent=\skip83
\cftparanumwidth=\skip84
\cftbeforesubparaskip=\skip85
\cftsubparaindent=\skip86
\cftsubparanumwidth=\skip87
\cftbeforeloftitleskip=\skip88
\cftafterloftitleskip=\skip89
\cftbeforefigskip=\skip90
\cftfigindent=\skip91
\cftfignumwidth=\skip92
\c@lofdepth=\count287
\c@lotdepth=\count288
\cftbeforelottitleskip=\skip93
\cftafterlottitleskip=\skip94
\cftbeforetabskip=\skip95
\cfttabindent=\skip96
\cfttabnumwidth=\skip97
) (/usr/local/texlive/2021/texmf-dist/tex/latex/titlesec/titletoc.sty
Package: titletoc 2019/10/16 v2.13 TOC entries
\ttl@leftsep=\dimen174
) (/usr/local/texlive/2021/texmf-dist/tex/latex/base/ifthen.sty
Package: ifthen 2014/09/29 v1.1c Standard LaTeX ifthen package (DPC)
) (/usr/local/texlive/2021/texmf-dist/tex/latex/psnfss/courier.sty
Package: courier 2020/03/25 PSNFSS-v9.3 (WaS) 
) (/usr/local/texlive/2021/texmf-dist/tex/latex/graphics/graphicx.sty
Package: graphicx 2020/09/09 v1.2b Enhanced LaTeX Graphics (DPC,SPQR)
 (/usr/local/texlive/2021/texmf-dist/tex/latex/graphics/graphics.sty
Package: graphics 2020/08/30 v1.4c Standard LaTeX Graphics (DPC,SPQR)
 (/usr/local/texlive/2021/texmf-dist/tex/latex/graphics/trig.sty
Package: trig 2016/01/03 v1.10 sin cos tan (DPC)
) (/usr/local/texlive/2021/texmf-dist/tex/latex/graphics-cfg/graphics.cfg
File: graphics.cfg 2016/06/04 v1.11 sample graphics configuration
)
Package graphics Info: Driver file: pdftex.def on input line 105.
 (/usr/local/texlive/2021/texmf-dist/tex/latex/graphics-def/pdftex.def
File: pdftex.def 2020/10/05 v1.2a Graphics/color driver for pdftex
))
\Gin@req@height=\dimen175
\Gin@req@width=\dimen176
) (/usr/local/texlive/2021/texmf-dist/tex/latex/base/fix-cm.sty
Package: fix-cm 2015/01/14 v1.1t fixes to LaTeX
 (/usr/local/texlive/2021/texmf-dist/tex/latex/base/ts1enc.def
File: ts1enc.def 2001/06/05 v3.0e (jk/car/fm) Standard LaTeX file
LaTeX Font Info:    Redeclaring font encoding TS1 on input line 47.
)) (/usr/local/texlive/2021/texmf-dist/tex/latex/paralist/paralist.sty
Package: paralist 2017/01/22 v2.7 Extended list environments
\pltopsep=\skip98
\plpartopsep=\skip99
\plitemsep=\skip100
\plparsep=\skip101
\pl@lab=\toks25
) (/usr/local/texlive/2021/texmf-dist/tex/latex/enumitem/enumitem.sty
Package: enumitem 2019/06/20 v3.9 Customized lists
\labelindent=\skip102
\enit@outerparindent=\dimen177
\enit@toks=\toks26
\enit@inbox=\box97
\enit@count@id=\count289
\enitdp@description=\count290
) (/usr/local/texlive/2021/texmf-dist/tex/latex/parskip/parskip.sty
Package: parskip 2021-03-14 v2.0h non-zero parskip adjustments
 (/usr/local/texlive/2021/texmf-dist/tex/latex/kvoptions/kvoptions.sty
Package: kvoptions 2020-10-07 v3.14 Key value format for package options (HO)
 (/usr/local/texlive/2021/texmf-dist/tex/generic/ltxcmds/ltxcmds.sty
Package: ltxcmds 2020-05-10 v1.25 LaTeX kernel commands for general use (HO)
) (/usr/local/texlive/2021/texmf-dist/tex/generic/kvsetkeys/kvsetkeys.sty
Package: kvsetkeys 2019/12/15 v1.18 Key value parser (HO)
)) (/usr/local/texlive/2021/texmf-dist/tex/latex/etoolbox/etoolbox.sty
Package: etoolbox 2020/10/05 v2.5k e-TeX tools for LaTeX (JAW)
\etb@tempcnta=\count291
)) (/usr/local/texlive/2021/texmf-dist/tex/latex/xcolor/xcolor.sty
Package: xcolor 2016/05/11 v2.12 LaTeX color extensions (UK)
 (/usr/local/texlive/2021/texmf-dist/tex/latex/graphics-cfg/color.cfg
File: color.cfg 2016/01/02 v1.6 sample color configuration
)
Package xcolor Info: Driver file: pdftex.def on input line 225.
Package xcolor Info: Model `cmy' substituted by `cmy0' on input line 1348.
Package xcolor Info: Model `hsb' substituted by `rgb' on input line 1352.
Package xcolor Info: Model `RGB' extended on input line 1364.
Package xcolor Info: Model `HTML' substituted by `rgb' on input line 1366.
Package xcolor Info: Model `Hsb' substituted by `hsb' on input line 1367.
Package xcolor Info: Model `tHsb' substituted by `hsb' on input line 1368.
Package xcolor Info: Model `HSB' substituted by `hsb' on input line 1369.
Package xcolor Info: Model `Gray' substituted by `gray' on input line 1370.
Package xcolor Info: Model `wave' substituted by `hsb' on input line 1371.
 (/usr/local/texlive/2021/texmf-dist/tex/latex/graphics/dvipsnam.def
File: dvipsnam.def 2016/06/17 v3.0m Driver-dependent file (DPC,SPQR)
)) (/usr/local/texlive/2021/texmf-dist/tex/generic/ulem/ulem.sty
\UL@box=\box98
\UL@hyphenbox=\box99
\UL@skip=\skip103
\UL@hook=\toks27
\UL@height=\dimen178
\UL@pe=\count292
\UL@pixel=\dimen179
\ULC@box=\box100
Package: ulem 2019/11/18
\ULdepth=\dimen180
) (/usr/local/texlive/2021/texmf-dist/tex/latex/hyperref/hyperref.sty
Package: hyperref 2021-02-27 v7.00k Hypertext links for LaTeX
 (/usr/local/texlive/2021/texmf-dist/tex/generic/pdftexcmds/pdftexcmds.sty
Package: pdftexcmds 2020-06-27 v0.33 Utility functions of pdfTeX for LuaTeX (HO)
 (/usr/local/texlive/2021/texmf-dist/tex/generic/infwarerr/infwarerr.sty
Package: infwarerr 2019/12/03 v1.5 Providing info/warning/error messages (HO)
)
Package pdftexcmds Info: \pdf@primitive is available.
Package pdftexcmds Info: \pdf@ifprimitive is available.
Package pdftexcmds Info: \pdfdraftmode found.
) (/usr/local/texlive/2021/texmf-dist/tex/generic/kvdefinekeys/kvdefinekeys.sty
Package: kvdefinekeys 2019-12-19 v1.6 Define keys (HO)
) (/usr/local/texlive/2021/texmf-dist/tex/generic/pdfescape/pdfescape.sty
Package: pdfescape 2019/12/09 v1.15 Implements pdfTeX's escape features (HO)
) (/usr/local/texlive/2021/texmf-dist/tex/latex/hycolor/hycolor.sty
Package: hycolor 2020-01-27 v1.10 Color options for hyperref/bookmark (HO)
) (/usr/local/texlive/2021/texmf-dist/tex/latex/letltxmacro/letltxmacro.sty
Package: letltxmacro 2019/12/03 v1.6 Let assignment for LaTeX macros (HO)
) (/usr/local/texlive/2021/texmf-dist/tex/latex/auxhook/auxhook.sty
Package: auxhook 2019-12-17 v1.6 Hooks for auxiliary files (HO)
)
\@linkdim=\dimen181
\Hy@linkcounter=\count293
\Hy@pagecounter=\count294
 (/usr/local/texlive/2021/texmf-dist/tex/latex/hyperref/pd1enc.def
File: pd1enc.def 2021-02-27 v7.00k Hyperref: PDFDocEncoding definition (HO)
Now handling font encoding PD1 ...
... no UTF-8 mapping file for font encoding PD1
) (/usr/local/texlive/2021/texmf-dist/tex/latex/hyperref/hyperref-langpatches.def
File: hyperref-langpatches.def 2021-02-27 v7.00k Hyperref: patches for babel languages
) (/usr/local/texlive/2021/texmf-dist/tex/generic/intcalc/intcalc.sty
Package: intcalc 2019/12/15 v1.3 Expandable calculations with integers (HO)
) (/usr/local/texlive/2021/texmf-dist/tex/generic/etexcmds/etexcmds.sty
Package: etexcmds 2019/12/15 v1.7 Avoid name clashes with e-TeX commands (HO)
)
\Hy@SavedSpaceFactor=\count295
 (/usr/local/texlive/2021/texmf-dist/tex/latex/hyperref/puenc.def
File: puenc.def 2021-02-27 v7.00k Hyperref: PDF Unicode definition (HO)
Now handling font encoding PU ...
... no UTF-8 mapping file for font encoding PU
)
Package hyperref Info: Hyper figures OFF on input line 4192.
Package hyperref Info: Link nesting OFF on input line 4197.
Package hyperref Info: Hyper index ON on input line 4200.
Package hyperref Info: Plain pages OFF on input line 4207.
Package hyperref Info: Backreferencing OFF on input line 4212.
Package hyperref Info: Implicit mode ON; LaTeX internals redefined.
Package hyperref Info: Bookmarks ON on input line 4445.
\c@Hy@tempcnt=\count296
 (/usr/local/texlive/2021/texmf-dist/tex/latex/url/url.sty
\Urlmuskip=\muskip17
Package: url 2013/09/16  ver 3.4  Verb mode for urls, etc.
)
LaTeX Info: Redefining \url on input line 4804.
\XeTeXLinkMargin=\dimen182
 (/usr/local/texlive/2021/texmf-dist/tex/generic/bitset/bitset.sty
Package: bitset 2019/12/09 v1.3 Handle bit-vector datatype (HO)
 (/usr/local/texlive/2021/texmf-dist/tex/generic/bigintcalc/bigintcalc.sty
Package: bigintcalc 2019/12/15 v1.5 Expandable calculations on big integers (HO)
))
\Fld@menulength=\count297
\Field@Width=\dimen183
\Fld@charsize=\dimen184
Package hyperref Info: Hyper figures OFF on input line 6075.
Package hyperref Info: Link nesting OFF on input line 6080.
Package hyperref Info: Hyper index ON on input line 6083.
Package hyperref Info: backreferencing OFF on input line 6090.
Package hyperref Info: Link coloring OFF on input line 6095.
Package hyperref Info: Link coloring with OCG OFF on input line 6100.
Package hyperref Info: PDF/A mode OFF on input line 6105.
LaTeX Info: Redefining \ref on input line 6145.
LaTeX Info: Redefining \pageref on input line 6149.
 (/usr/local/texlive/2021/texmf-dist/tex/latex/base/atbegshi-ltx.sty
Package: atbegshi-ltx 2020/08/17 v1.0a Emulation of the original atbegshi package
with kernel methods
)
\Hy@abspage=\count298
\c@Item=\count299
\c@Hfootnote=\count300
)
Package hyperref Info: Driver (autodetected): hpdftex.
 (/usr/local/texlive/2021/texmf-dist/tex/latex/hyperref/hpdftex.def
File: hpdftex.def 2021-02-27 v7.00k Hyperref driver for pdfTeX
 (/usr/local/texlive/2021/texmf-dist/tex/latex/base/atveryend-ltx.sty
Package: atveryend-ltx 2020/08/19 v1.0a Emulation of the original atvery package
with kernel methods
)
\Fld@listcount=\count301
\c@bookmark@seq@number=\count302
 (/usr/local/texlive/2021/texmf-dist/tex/latex/rerunfilecheck/rerunfilecheck.sty
Package: rerunfilecheck 2019/12/05 v1.9 Rerun checks for auxiliary files (HO)
 (/usr/local/texlive/2021/texmf-dist/tex/generic/uniquecounter/uniquecounter.sty
Package: uniquecounter 2019/12/15 v1.4 Provide unlimited unique counter (HO)
)
Package uniquecounter Info: New unique counter `rerunfilecheck' on input line 286.
)
\Hy@SectionHShift=\skip104
)
\hdrmark=\marks1
 (/usr/local/texlive/2021/texmf-dist/tex/latex/listings/lstlang1.sty
File: lstlang1.sty 2020/03/24 1.8d listings language file
) (/usr/local/texlive/2021/texmf-dist/tex/latex/listings/lstlang1.sty
File: lstlang1.sty 2020/03/24 1.8d listings language file
) (/usr/local/texlive/2021/texmf-dist/tex/latex/listings/lstmisc.sty
File: lstmisc.sty 2020/03/24 1.8d (Carsten Heinz)
)) (/usr/local/texlive/2021/texmf-dist/tex/latex/l3backend/l3backend-pdftex.def
File: l3backend-pdftex.def 2021-03-18 L3 backend support: PDF output (pdfTeX)
\l__color_backend_stack_int=\count303
\l__pdf_internal_box=\box101
) (build//kactl.aux)
\openout1 = `kactl.aux'.

LaTeX Font Info:    Checking defaults for OML/cmm/m/it on input line 11.
LaTeX Font Info:    ... okay on input line 11.
LaTeX Font Info:    Checking defaults for OMS/cmsy/m/n on input line 11.
LaTeX Font Info:    ... okay on input line 11.
LaTeX Font Info:    Checking defaults for OT1/cmr/m/n on input line 11.
LaTeX Font Info:    ... okay on input line 11.
LaTeX Font Info:    Checking defaults for T1/cmr/m/n on input line 11.
LaTeX Font Info:    ... okay on input line 11.
LaTeX Font Info:    Checking defaults for TS1/cmr/m/n on input line 11.
LaTeX Font Info:    ... okay on input line 11.
LaTeX Font Info:    Checking defaults for OMX/cmex/m/n on input line 11.
LaTeX Font Info:    ... okay on input line 11.
LaTeX Font Info:    Checking defaults for U/cmr/m/n on input line 11.
LaTeX Font Info:    ... okay on input line 11.
LaTeX Font Info:    Checking defaults for PD1/pdf/m/n on input line 11.
LaTeX Font Info:    ... okay on input line 11.
LaTeX Font Info:    Checking defaults for PU/pdf/m/n on input line 11.
LaTeX Font Info:    ... okay on input line 11.
\c@lstlisting=\count304

*geometry* driver: auto-detecting
*geometry* detected driver: pdftex
*geometry* verbose mode - [ preamble ] result:
* driver: pdftex
* paper: a4paper
* layout: <same size as paper>
* layoutoffset:(h,v)=(0.0pt,0.0pt)
* modes: landscape 
* h-part:(L,W,R)=(14.22636pt, 816.59412pt, 14.22636pt)
* v-part:(T,H,B)=(28.45274pt, 557.67421pt, 11.38092pt)
* \paperwidth=845.04684pt
* \paperheight=597.50787pt
* \textwidth=816.59412pt
* \textheight=557.67421pt
* \oddsidemargin=-58.04362pt
* \evensidemargin=-58.04362pt
* \topmargin=-80.81725pt
* \headheight=25.0pt
* \headsep=5.0pt
* \topskip=9.0pt
* \footskip=30.0pt
* \marginparwidth=65.0pt
* \marginparsep=10.0pt
* \columnsep=10.0pt
* \skip\footins=8.0pt plus 4.0pt minus 2.0pt
* \hoffset=0.0pt
* \voffset=0.0pt
* \mag=1000
* \@twocolumnfalse
* \@twosidefalse
* \@mparswitchfalse
* \@reversemarginfalse
* (1in=72.27pt=25.4mm, 1cm=28.453pt)

(/usr/local/texlive/2021/texmf-dist/tex/context/base/mkii/supp-pdf.mkii
[Loading MPS to PDF converter (version 2006.09.02).]
\scratchcounter=\count305
\scratchdimen=\dimen185
\scratchbox=\box102
\nofMPsegments=\count306
\nofMParguments=\count307
\everyMPshowfont=\toks28
\MPscratchCnt=\count308
\MPscratchDim=\dimen186
\MPnumerator=\count309
\makeMPintoPDFobject=\count310
\everyMPtoPDFconversion=\toks29
) (/usr/local/texlive/2021/texmf-dist/tex/latex/epstopdf-pkg/epstopdf-base.sty
Package: epstopdf-base 2020-01-24 v2.11 Base part for package epstopdf
Package epstopdf-base Info: Redefining graphics rule for `.eps' on input line 485.
 (/usr/local/texlive/2021/texmf-dist/tex/latex/latexconfig/epstopdf-sys.cfg
File: epstopdf-sys.cfg 2010/07/13 v1.3 Configuration of (r)epstopdf for TeX Live
))
Package hyperref Info: Link coloring OFF on input line 11.
 (/usr/local/texlive/2021/texmf-dist/tex/latex/hyperref/nameref.sty
Package: nameref 2021-04-02 v2.47 Cross-referencing by name of section
 (/usr/local/texlive/2021/texmf-dist/tex/latex/refcount/refcount.sty
Package: refcount 2019/12/15 v3.6 Data extraction from label references (HO)
) (/usr/local/texlive/2021/texmf-dist/tex/generic/gettitlestring/gettitlestring.sty
Package: gettitlestring 2019/12/15 v1.6 Cleanup title references (HO)
)
\c@section@level=\count311
)
LaTeX Info: Redefining \ref on input line 11.
LaTeX Info: Redefining \pageref on input line 11.
LaTeX Info: Redefining \nameref on input line 11.
 (build//kactl.out) (build//kactl.out)
\@outlinefile=\write3
\openout3 = `kactl.out'.

runsystem(rm -f build/header.tmp)...executed.

<kth.pdf, id=44, 3010.24625pt x 1359.0775pt>
File: kth.pdf Graphic file (type pdf)
<use kth.pdf>
Package pdftex.def Info: kth.pdf  used on input line 12.
(pdftex.def)             Requested size: 189.05858pt x 85.35826pt.
 [0

{/usr/local/texlive/2021/texmf-var/fonts/map/pdftex/updmap/pdftex.map} <content/tex/kth.pdf>] (build//kactl.toc
LaTeX Font Info:    Trying to load font information for U+msa on input line 1.
 (/usr/local/texlive/2021/texmf-dist/tex/latex/amsfonts/umsa.fd
File: umsa.fd 2013/01/14 v3.01 AMS symbols A
)
LaTeX Font Info:    Trying to load font information for U+msb on input line 1.
 (/usr/local/texlive/2021/texmf-dist/tex/latex/amsfonts/umsb.fd
File: umsb.fd 2013/01/14 v3.01 AMS symbols B
))
\tf@toc=\write4
\openout4 = `kactl.toc'.

 (./content/contest/chapter.tex
Chapter 1.
\c@ttl@toc@chapters=\count312
runsystem(rm -f build/kactl.tmp)...executed.

runsystem(python2 content/tex/preprocessor.py -i "content/contest/.bashrc" -o build/kactl.tmp -l sh)...executed.

(./build/kactl.tmp (/usr/local/texlive/2021/texmf-dist/tex/latex/listings/lstlang1.sty
File: lstlang1.sty 2020/03/24 1.8d listings language file
) (/usr/local/texlive/2021/texmf-dist/tex/latex/listings/lstlang1.sty
File: lstlang1.sty 2020/03/24 1.8d listings language file
)
LaTeX Font Info:    Trying to load font information for OT1+pcr on input line 3.
 (/usr/local/texlive/2021/texmf-dist/tex/latex/psnfss/ot1pcr.fd
File: ot1pcr.fd 2001/06/04 font definitions for OT1/pcr.
)
LaTeX Font Info:    Trying to load font information for OML+cmr on input line 6.
 (/usr/local/texlive/2021/texmf-dist/tex/latex/base/omlcmr.fd
File: omlcmr.fd 2019/12/16 v2.5j Standard LaTeX font definitions
)
LaTeX Font Info:    Font shape `OML/cmr/m/it' in size <7> not available
(Font)              Font shape `OML/cmm/m/it' tried instead on input line 6.
)
runsystem(rm -f build/kactl.tmp)...executed.

runsystem(python2 content/tex/preprocessor.py -i "content/contest/.vimrc" -o build/kactl.tmp -l raw)...executed.

 (./build/kactl.tmp)
runsystem(rm -f build/kactl.tmp)...executed.

runsystem(python2 content/tex/preprocessor.py -i "content/contest/hash.sh" -o build/kactl.tmp -l raw)...executed.

 (./build/kactl.tmp)
runsystem(rm -f build/kactl.tmp)...executed.

runsystem(python2 content/tex/preprocessor.py -i "content/contest/troubleshoot.txt" -o build/kactl.tmp -l raw)...executed.

 (./build/kactl.tmp)) (./content/math/chapter.tex
Chapter 2.
<content/math/sphericalCoordinates.pdf, id=70, 42.67899pt x 42.67899pt>
File: content/math/sphericalCoordinates.pdf Graphic file (type pdf)
<use content/math/sphericalCoordinates.pdf>
Package pdftex.def Info: content/math/sphericalCoordinates.pdf  used on input line 69.
(pdftex.def)             Requested size: 71.13188pt x 71.14337pt.
[1

]
runsystem(python2 content/tex/preprocessor.py --print-header "|troubleshoot.txt" -o build/header2.tmp)...executed.

 (./build/header2.tmp) [2 <./content/math/sphericalCoordinates.pdf>]) (./content/data-structures/chapter.tex
Chapter 3.
runsystem(rm -f build/kactl.tmp)...executed.

runsystem(python2 content/tex/preprocessor.py -i "content/data-structures/OrderStatisticTree.h" -o build/kactl.tmp )...executed.

(./build/kactl.tmp)
runsystem(rm -f build/kactl.tmp)...executed.

runsystem(python2 content/tex/preprocessor.py -i "content/data-structures/HashMap.h" -o build/kactl.tmp )...executed.

 (./build/kactl.tmp)
runsystem(rm -f build/kactl.tmp)...executed.

runsystem(python2 content/tex/preprocessor.py -i "content/data-structures/SegTree.h" -o build/kactl.tmp )...executed.

 (./build/kactl.tmp)
runsystem(rm -f build/kactl.tmp)...executed.

runsystem(python2 content/tex/preprocessor.py -i "content/data-structures/RMQ.h" -o build/kactl.tmp )...executed.

 (./build/kactl.tmp
LaTeX Font Info:    Trying to load font information for T1+pcr on input line 26.
 (/usr/local/texlive/2021/texmf-dist/tex/latex/psnfss/t1pcr.fd
File: t1pcr.fd 2001/06/04 font definitions for T1/pcr.
))
runsystem(rm -f build/kactl.tmp)...executed.

runsystem(python2 content/tex/preprocessor.py -i "content/data-structures/BiVec.h" -o build/kactl.tmp )...executed.

 (./build/kactl.tmp)
runsystem(rm -f build/kactl.tmp)...executed.

runsystem(python2 content/tex/preprocessor.py -i "content/data-structures/CHT.h" -o build/kactl.tmp )...executed.

 (./build/kactl.tmp
LaTeX Font Info:    Trying to load font information for OMS+cmr on input line 25.
 (/usr/local/texlive/2021/texmf-dist/tex/latex/base/omscmr.fd
File: omscmr.fd 2019/12/16 v2.5j Standard LaTeX font definitions
)
LaTeX Font Info:    Font shape `OMS/cmr/m/it' in size <7> not available
(Font)              Font shape `OMS/cmsy/m/n' tried instead on input line 25.
)
runsystem(rm -f build/kactl.tmp)...executed.

runsystem(python2 content/tex/preprocessor.py -i "content/data-structures/LineContainer.h" -o build/kactl.tmp )...executed.

 (./build/kactl.tmp
runsystem(python2 content/tex/preprocessor.py --print-header "CHT.h|CHT.h" -o build/header2.tmp)...executed.

 (./build/header2.tmp) [3])
runsystem(rm -f build/kactl.tmp)...executed.

runsystem(python2 content/tex/preprocessor.py -i "content/data-structures/ConvexTree.h" -o build/kactl.tmp )...executed.

 (./build/kactl.tmp)
runsystem(rm -f build/kactl.tmp)...executed.

runsystem(python2 content/tex/preprocessor.py -i "content/data-structures/KinTour.h" -o build/kactl.tmp )...executed.

 (./build/kactl.tmp)
runsystem(rm -f build/kactl.tmp)...executed.

runsystem(python2 content/tex/preprocessor.py -i "content/data-structures/FenwickTree.h" -o build/kactl.tmp )...executed.

 (./build/kactl.tmp)
runsystem(rm -f build/kactl.tmp)...executed.

runsystem(python2 content/tex/preprocessor.py -i "content/data-structures/FenwickTree2D.h" -o build/kactl.tmp )...executed.

 (./build/kactl.tmp)
runsystem(rm -f build/kactl.tmp)...executed.

runsystem(python2 content/tex/preprocessor.py -i "content/data-structures/SkewHeap.h" -o build/kactl.tmp )...executed.

 (./build/kactl.tmp
runsystem(python2 content/tex/preprocessor.py --print-header "SkewHeap.h|SkewHeap.h" -o build/header2.tmp)...executed.

 (./build/header2.tmp) [4])
runsystem(rm -f build/kactl.tmp)...executed.

runsystem(python2 content/tex/preprocessor.py -i "content/data-structures/Treap.h" -o build/kactl.tmp )...executed.

 (./build/kactl.tmp)
runsystem(rm -f build/kactl.tmp)...executed.

runsystem(python2 content/tex/preprocessor.py -i "content/data-structures/SplayTree.h" -o build/kactl.tmp )...executed.

 (./build/kactl.tmp)) (./content/numerical/chapter.tex
Chapter 4.
runsystem(rm -f build/kactl.tmp)...executed.

runsystem(python2 content/tex/preprocessor.py -i "content/numerical/Integrate.h" -o build/kactl.tmp )...executed.

(./build/kactl.tmp)
runsystem(rm -f build/kactl.tmp)...executed.

runsystem(python2 content/tex/preprocessor.py -i "content/numerical/IntegrateAdaptive.h" -o build/kactl.tmp )...executed.

 (./build/kactl.tmp
LaTeX Font Info:    Trying to load font information for OMS+pcr on input line 9.
 (/usr/local/texlive/2021/texmf-dist/tex/latex/psnfss/omspcr.fd
File: omspcr.fd 
)
LaTeX Font Info:    Font shape `OMS/pcr/m/n' in size <7> not available
(Font)              Font shape `OMS/cmsy/m/n' tried instead on input line 9.
)
runsystem(rm -f build/kactl.tmp)...executed.

runsystem(python2 content/tex/preprocessor.py -i "content/numerical/Simplex.h" -o build/kactl.tmp )...executed.

 (./build/kactl.tmp
runsystem(python2 content/tex/preprocessor.py --print-header "Simplex.h|Simplex.h" -o build/header2.tmp)...executed.

 (./build/header2.tmp) [5])
runsystem(rm -f build/kactl.tmp)...executed.

runsystem(python2 content/tex/preprocessor.py -i "content/numerical/RowEchelon.h" -o build/kactl.tmp )...executed.

 (./build/kactl.tmp)
runsystem(rm -f build/kactl.tmp)...executed.

runsystem(python2 content/tex/preprocessor.py -i "content/numerical/SolveLinear.h" -o build/kactl.tmp )...executed.

 (./build/kactl.tmp)
runsystem(rm -f build/kactl.tmp)...executed.

runsystem(python2 content/tex/preprocessor.py -i "content/numerical/MatrixDeterminant.h" -o build/kactl.tmp )...executed.

 (./build/kactl.tmp)
runsystem(rm -f build/kactl.tmp)...executed.

runsystem(python2 content/tex/preprocessor.py -i "content/numerical/MatrixInverse.h" -o build/kactl.tmp )...executed.

 (./build/kactl.tmp)
runsystem(rm -f build/kactl.tmp)...executed.

runsystem(python2 content/tex/preprocessor.py -i "content/numerical/GoldenSectionSearch.h" -o build/kactl.tmp )...executed.

 (./build/kactl.tmp)
runsystem(rm -f build/kactl.tmp)...executed.

runsystem(python2 content/tex/preprocessor.py -i "content/numerical/TernarySearch.h" -o build/kactl.tmp )...executed.

 (./build/kactl.tmp
runsystem(python2 content/tex/preprocessor.py --print-header "TernarySearch.h|TernarySearch.h" -o build/header2.tmp)...executed.

 (./build/header2.tmp) [6])
runsystem(rm -f build/kactl.tmp)...executed.

runsystem(python2 content/tex/preprocessor.py -i "content/numerical/FracBinarySearch.h" -o build/kactl.tmp )...executed.

 (./build/kactl.tmp)
runsystem(rm -f build/kactl.tmp)...executed.

runsystem(python2 content/tex/preprocessor.py -i "content/numerical/FFT.h" -o build/kactl.tmp )...executed.

 (./build/kactl.tmp)
runsystem(rm -f build/kactl.tmp)...executed.

runsystem(python2 content/tex/preprocessor.py -i "content/numerical/NTT.h" -o build/kactl.tmp )...executed.

 (./build/kactl.tmp)
runsystem(rm -f build/kactl.tmp)...executed.

runsystem(python2 content/tex/preprocessor.py -i "content/numerical/FST.h" -o build/kactl.tmp )...executed.

 (./build/kactl.tmp)
runsystem(rm -f build/kactl.tmp)...executed.

runsystem(python2 content/tex/preprocessor.py -i "content/numerical/SubsetConv.h" -o build/kactl.tmp )...executed.

 (./build/kactl.tmp)
runsystem(rm -f build/kactl.tmp)...executed.

runsystem(python2 content/tex/preprocessor.py -i "content/numerical/PolyInterpolate.h" -o build/kactl.tmp )...executed.

 (./build/kactl.tmp)
runsystem(rm -f build/kactl.tmp)...executed.

runsystem(python2 content/tex/preprocessor.py -i "content/numerical/PolyMul.h" -o build/kactl.tmp )...executed.

 (./build/kactl.tmp)
runsystem(rm -f build/kactl.tmp)...executed.

runsystem(python2 content/tex/preprocessor.py -i "content/numerical/PolyInv.h" -o build/kactl.tmp )...executed.

 (./build/kactl.tmp)
runsystem(python2 content/tex/preprocessor.py --print-header "PolyInv.h|PolyInv.h" -o build/header2.tmp)...executed.

 (./build/header2.tmp) [7]
runsystem(rm -f build/kactl.tmp)...executed.

runsystem(python2 content/tex/preprocessor.py -i "content/numerical/PolyDivRem.h" -o build/kactl.tmp )...executed.

 (./build/kactl.tmp)
runsystem(rm -f build/kactl.tmp)...executed.

runsystem(python2 content/tex/preprocessor.py -i "content/numerical/PolyRoots.h" -o build/kactl.tmp )...executed.

 (./build/kactl.tmp)
runsystem(rm -f build/kactl.tmp)...executed.

runsystem(python2 content/tex/preprocessor.py -i "content/numerical/BerlekampMassey.h" -o build/kactl.tmp )...executed.

 (./build/kactl.tmp)
runsystem(rm -f build/kactl.tmp)...executed.

runsystem(python2 content/tex/preprocessor.py -i "content/numerical/LinearRecurrence.h" -o build/kactl.tmp )...executed.

 (./build/kactl.tmp)) (./content/number-theory/chapter.tex
Chapter 5.
runsystem(rm -f build/kactl.tmp)...executed.

runsystem(python2 content/tex/preprocessor.py -i "content/number-theory/ModInt.h" -o build/kactl.tmp )...executed.

(./build/kactl.tmp)
runsystem(rm -f build/kactl.tmp)...executed.

runsystem(python2 content/tex/preprocessor.py -i "content/number-theory/ModMulLL.h" -o build/kactl.tmp )...executed.

 (./build/kactl.tmp)
runsystem(rm -f build/kactl.tmp)...executed.

runsystem(python2 content/tex/preprocessor.py -i "content/number-theory/Euclid.h" -o build/kactl.tmp )...executed.

 (./build/kactl.tmp)
runsystem(rm -f build/kactl.tmp)...executed.

runsystem(python2 content/tex/preprocessor.py -i "content/number-theory/CRT.h" -o build/kactl.tmp )...executed.

 (./build/kactl.tmp
LaTeX Font Info:    Font shape `OMS/cmr/m/n' in size <7> not available
(Font)              Font shape `OMS/cmsy/m/n' tried instead on input line 13.
runsystem(python2 content/tex/preprocessor.py --print-header "CRT.h|CRT.h" -o build/header2.tmp)...executed.

 (./build/header2.tmp) [8])
runsystem(rm -f build/kactl.tmp)...executed.

runsystem(python2 content/tex/preprocessor.py -i "content/number-theory/ModSum.h" -o build/kactl.tmp )...executed.

 (./build/kactl.tmp)
runsystem(rm -f build/kactl.tmp)...executed.

runsystem(python2 content/tex/preprocessor.py -i "content/number-theory/ModLog.h" -o build/kactl.tmp )...executed.

 (./build/kactl.tmp)
runsystem(rm -f build/kactl.tmp)...executed.

runsystem(python2 content/tex/preprocessor.py -i "content/number-theory/ModSqrt.h" -o build/kactl.tmp )...executed.

 (./build/kactl.tmp
LaTeX Font Info:    Font shape `T1/pcr/m/it' in size <7> not available
(Font)              Font shape `T1/pcr/m/sl' tried instead on input line 12.
)
runsystem(rm -f build/kactl.tmp)...executed.

runsystem(python2 content/tex/preprocessor.py -i "content/number-theory/MillerRabin.h" -o build/kactl.tmp )...executed.

 (./build/kactl.tmp)
runsystem(rm -f build/kactl.tmp)...executed.

runsystem(python2 content/tex/preprocessor.py -i "content/number-theory/Factor.h" -o build/kactl.tmp )...executed.

 (./build/kactl.tmp)) (./content/combinatorial/chapter.tex
Chapter 6.
(./content/combinatorial/factorial.tex
runsystem(python2 content/tex/preprocessor.py --print-header "|Factor.h" -o build/header2.tmp)...executed.

 (./build/header2.tmp) [9])
runsystem(rm -f build/kactl.tmp)...executed.

runsystem(python2 content/tex/preprocessor.py -i "content/combinatorial/IntPerm.h" -o build/kactl.tmp )...executed.

 (./build/kactl.tmp)
runsystem(rm -f build/kactl.tmp)...executed.

runsystem(python2 content/tex/preprocessor.py -i "content/combinatorial/multinomial.h" -o build/kactl.tmp )...executed.

 (./build/kactl.tmp)) (./content/graph/chapter.tex
Chapter 7.
runsystem(rm -f build/kactl.tmp)...executed.

runsystem(python2 content/tex/preprocessor.py -i "content/graph/SCC.h" -o build/kactl.tmp )...executed.

(./build/kactl.tmp
runsystem(python2 content/tex/preprocessor.py --print-header "SCC.h|SCC.h" -o build/header2.tmp)...executed.

 (./build/header2.tmp) [10])
runsystem(rm -f build/kactl.tmp)...executed.

runsystem(python2 content/tex/preprocessor.py -i "content/graph/BCC.h" -o build/kactl.tmp )...executed.

 (./build/kactl.tmp)
runsystem(rm -f build/kactl.tmp)...executed.

runsystem(python2 content/tex/preprocessor.py -i "content/graph/2SAT.h" -o build/kactl.tmp )...executed.

 (./build/kactl.tmp)
runsystem(rm -f build/kactl.tmp)...executed.

runsystem(python2 content/tex/preprocessor.py -i "content/graph/SmallDijkstra.h" -o build/kactl.tmp )...executed.

 (./build/kactl.tmp)
runsystem(rm -f build/kactl.tmp)...executed.

runsystem(python2 content/tex/preprocessor.py -i "content/graph/EulerWalk.h" -o build/kactl.tmp )...executed.

 (./build/kactl.tmp
runsystem(python2 content/tex/preprocessor.py --print-header "EulerWalk.h|EulerWalk.h" -o build/header2.tmp)...executed.

 (./build/header2.tmp) [11])
runsystem(rm -f build/kactl.tmp)...executed.

runsystem(python2 content/tex/preprocessor.py -i "content/graph/MaximumClique.h" -o build/kactl.tmp )...executed.

 (./build/kactl.tmp)
runsystem(rm -f build/kactl.tmp)...executed.

runsystem(python2 content/tex/preprocessor.py -i "content/graph/EZFlow.h" -o build/kactl.tmp )...executed.

 (./build/kactl.tmp)
runsystem(rm -f build/kactl.tmp)...executed.

runsystem(python2 content/tex/preprocessor.py -i "content/graph/DinicFlow.h" -o build/kactl.tmp )...executed.

 (./build/kactl.tmp)
runsystem(rm -f build/kactl.tmp)...executed.

runsystem(python2 content/tex/preprocessor.py -i "content/graph/GlobalMinCut.h" -o build/kactl.tmp )...executed.

 (./build/kactl.tmp)
runsystem(rm -f build/kactl.tmp)...executed.

runsystem(python2 content/tex/preprocessor.py -i "content/graph/GomoryHu.h" -o build/kactl.tmp )...executed.

 (./build/kactl.tmp
runsystem(python2 content/tex/preprocessor.py --print-header "GomoryHu.h|GomoryHu.h" -o build/header2.tmp)...executed.

 (./build/header2.tmp) [12])
runsystem(rm -f build/kactl.tmp)...executed.

runsystem(python2 content/tex/preprocessor.py -i "content/graph/DFSMatching.h" -o build/kactl.tmp )...executed.

 (./build/kactl.tmp)
runsystem(rm -f build/kactl.tmp)...executed.

runsystem(python2 content/tex/preprocessor.py -i "content/graph/HopcroftKarp.h" -o build/kactl.tmp )...executed.

 (./build/kactl.tmp)
runsystem(rm -f build/kactl.tmp)...executed.

runsystem(python2 content/tex/preprocessor.py -i "content/graph/Blossom.h" -o build/kactl.tmp )...executed.

 (./build/kactl.tmp)
runsystem(rm -f build/kactl.tmp)...executed.

runsystem(python2 content/tex/preprocessor.py -i "content/graph/MinCostMaxFlow.h" -o build/kactl.tmp )...executed.

 (./build/kactl.tmp
runsystem(python2 content/tex/preprocessor.py --print-header "MinCostMaxFlow.h|MinCostMaxFlow.h" -o build/header2.tmp)...executed.

 (./build/header2.tmp) [13])
runsystem(rm -f build/kactl.tmp)...executed.

runsystem(python2 content/tex/preprocessor.py -i "content/graph/NetworkSimplex.h" -o build/kactl.tmp )...executed.

 (./build/kactl.tmp)
runsystem(rm -f build/kactl.tmp)...executed.

runsystem(python2 content/tex/preprocessor.py -i "content/graph/WeightedMatching.h" -o build/kactl.tmp )...executed.

 (./build/kactl.tmp)
runsystem(rm -f build/kactl.tmp)...executed.

runsystem(python2 content/tex/preprocessor.py -i "content/graph/MatroidIntersection.h" -o build/kactl.tmp )...executed.

 (./build/kactl.tmp
runsystem(python2 content/tex/preprocessor.py --print-header "MatroidIntersection.h|MatroidIntersection.h" -o build/header2.tmp)...executed.

 (./build/header2.tmp) [14])
runsystem(rm -f build/kactl.tmp)...executed.

runsystem(python2 content/tex/preprocessor.py -i "content/graph/BinaryLifting.h" -o build/kactl.tmp )...executed.

 (./build/kactl.tmp)
runsystem(rm -f build/kactl.tmp)...executed.

runsystem(python2 content/tex/preprocessor.py -i "content/graph/LCA.h" -o build/kactl.tmp )...executed.

 (./build/kactl.tmp)
runsystem(rm -f build/kactl.tmp)...executed.

runsystem(python2 content/tex/preprocessor.py -i "content/graph/CompressTree.h" -o build/kactl.tmp )...executed.

 (./build/kactl.tmp)
runsystem(rm -f build/kactl.tmp)...executed.

runsystem(python2 content/tex/preprocessor.py -i "content/graph/Centroid.h" -o build/kactl.tmp )...executed.

 (./build/kactl.tmp)
runsystem(rm -f build/kactl.tmp)...executed.

runsystem(python2 content/tex/preprocessor.py -i "content/graph/HLD.h" -o build/kactl.tmp )...executed.

 (./build/kactl.tmp
runsystem(python2 content/tex/preprocessor.py --print-header "HLD.h|HLD.h" -o build/header2.tmp)...executed.

 (./build/header2.tmp) [15])
runsystem(rm -f build/kactl.tmp)...executed.

runsystem(python2 content/tex/preprocessor.py -i "content/graph/LinkCut.h" -o build/kactl.tmp )...executed.

 (./build/kactl.tmp)
runsystem(rm -f build/kactl.tmp)...executed.

runsystem(python2 content/tex/preprocessor.py -i "content/graph/DominatorTree.h" -o build/kactl.tmp )...executed.

 (./build/kactl.tmp)
runsystem(rm -f build/kactl.tmp)...executed.

runsystem(python2 content/tex/preprocessor.py -i "content/graph/DirectedMST.h" -o build/kactl.tmp )...executed.

 (./build/kactl.tmp)
runsystem(rm -f build/kactl.tmp)...executed.

runsystem(python2 content/tex/preprocessor.py -i "content/graph/BottleneckTree.h" -o build/kactl.tmp )...executed.

 (./build/kactl.tmp)
runsystem(rm -f build/kactl.tmp)...executed.

runsystem(python2 content/tex/preprocessor.py -i "content/graph/EdgeColoring.h" -o build/kactl.tmp )...executed.

 (./build/kactl.tmp
runsystem(python2 content/tex/preprocessor.py --print-header "EdgeColoring.h|EdgeColoring.h" -o build/header2.tmp)...executed.

 (./build/header2.tmp) [16])) (./content/geometry/chapter.tex
Chapter 8.
runsystem(rm -f build/kactl.tmp)...executed.

runsystem(python2 content/tex/preprocessor.py -i "content/geometry/Point.h" -o build/kactl.tmp )...executed.

(./build/kactl.tmp)
runsystem(rm -f build/kactl.tmp)...executed.

runsystem(python2 content/tex/preprocessor.py -i "content/geometry/Line.h" -o build/kactl.tmp )...executed.

 (./build/kactl.tmp)
runsystem(rm -f build/kactl.tmp)...executed.

runsystem(python2 content/tex/preprocessor.py -i "content/geometry/LineInter.h" -o build/kactl.tmp )...executed.

 (./build/kactl.tmp
<content/geometry/lineIntersection.pdf, id=2487, 42.67899pt x 42.67899pt>
File: content/geometry/lineIntersection.pdf Graphic file (type pdf)
<use content/geometry/lineIntersection.pdf>
Package pdftex.def Info: content/geometry/lineIntersection.pdf  used on input line 15.
(pdftex.def)             Requested size: 42.67912pt x 42.68211pt.
)
runsystem(rm -f build/kactl.tmp)...executed.

runsystem(python2 content/tex/preprocessor.py -i "content/geometry/SegInter.h" -o build/kactl.tmp )...executed.

 (./build/kactl.tmp
<content/geometry/SegmentIntersection.pdf, id=2488, 42.67899pt x 42.67899pt>
File: content/geometry/SegmentIntersection.pdf Graphic file (type pdf)
<use content/geometry/SegmentIntersection.pdf>
Package pdftex.def Info: content/geometry/SegmentIntersection.pdf  used on input line 13.
(pdftex.def)             Requested size: 42.67912pt x 42.68211pt.
)
runsystem(rm -f build/kactl.tmp)...executed.

runsystem(python2 content/tex/preprocessor.py -i "content/geometry/LineDist.h" -o build/kactl.tmp )...executed.

 (./build/kactl.tmp
<../content/geometry/lineDistance.pdf, id=2489, 42.67899pt x 42.67899pt>
File: ../content/geometry/lineDistance.pdf Graphic file (type pdf)
<use ../content/geometry/lineDistance.pdf>
Package pdftex.def Info: ../content/geometry/lineDistance.pdf  used on input line 14.
(pdftex.def)             Requested size: 42.67912pt x 42.68211pt.
)
runsystem(rm -f build/kactl.tmp)...executed.

runsystem(python2 content/tex/preprocessor.py -i "content/geometry/SegDist.h" -o build/kactl.tmp )...executed.

 (./build/kactl.tmp
<content/geometry/SegmentDistance.pdf, id=2490, 42.67899pt x 42.67899pt>
File: content/geometry/SegmentDistance.pdf Graphic file (type pdf)
<use content/geometry/SegmentDistance.pdf>
Package pdftex.def Info: content/geometry/SegmentDistance.pdf  used on input line 14.
(pdftex.def)             Requested size: 42.67912pt x 42.68211pt.
runsystem(python2 content/tex/preprocessor.py --print-header "SegDist.h|SegDist.h" -o build/header2.tmp)...executed.

 (./build/header2.tmp) [17 <./content/geometry/lineIntersection.pdf> <./content/geometry/SegmentIntersection.pdf> <build//../content/geometry/lineDistance.pdf> <./content/geometry/SegmentDistance.pdf>])
runsystem(rm -f build/kactl.tmp)...executed.

runsystem(python2 content/tex/preprocessor.py -i "content/geometry/OnSeg.h" -o build/kactl.tmp )...executed.

 (./build/kactl.tmp)
runsystem(rm -f build/kactl.tmp)...executed.

runsystem(python2 content/tex/preprocessor.py -i "content/geometry/LinTrans.h" -o build/kactl.tmp )...executed.

 (./build/kactl.tmp
<../content/geometry/LinearTransformation.pdf, id=2772, 42.67899pt x 42.67899pt>
File: ../content/geometry/LinearTransformation.pdf Graphic file (type pdf)
<use ../content/geometry/LinearTransformation.pdf>
Package pdftex.def Info: ../content/geometry/LinearTransformation.pdf  used on input line 14.
(pdftex.def)             Requested size: 42.67912pt x 42.68211pt.
)
runsystem(rm -f build/kactl.tmp)...executed.

runsystem(python2 content/tex/preprocessor.py -i "content/geometry/PolyCenter.h" -o build/kactl.tmp )...executed.

 (./build/kactl.tmp)
runsystem(rm -f build/kactl.tmp)...executed.

runsystem(python2 content/tex/preprocessor.py -i "content/geometry/InsidePoly.h" -o build/kactl.tmp )...executed.

 (./build/kactl.tmp)
runsystem(rm -f build/kactl.tmp)...executed.

runsystem(python2 content/tex/preprocessor.py -i "content/geometry/ConvexHull.h" -o build/kactl.tmp )...executed.

 (./build/kactl.tmp
<../content/geometry/ConvexHull.pdf, id=2773, 42.67899pt x 42.67899pt>
File: ../content/geometry/ConvexHull.pdf Graphic file (type pdf)
<use ../content/geometry/ConvexHull.pdf>
Package pdftex.def Info: ../content/geometry/ConvexHull.pdf  used on input line 15.
(pdftex.def)             Requested size: 42.67912pt x 42.68211pt.
)
runsystem(rm -f build/kactl.tmp)...executed.

runsystem(python2 content/tex/preprocessor.py -i "content/geometry/Minkowski.h" -o build/kactl.tmp )...executed.

 (./build/kactl.tmp)
runsystem(rm -f build/kactl.tmp)...executed.

runsystem(python2 content/tex/preprocessor.py -i "content/geometry/ExpandPoly.h" -o build/kactl.tmp )...executed.

 (./build/kactl.tmp)
runsystem(rm -f build/kactl.tmp)...executed.

runsystem(python2 content/tex/preprocessor.py -i "content/geometry/PolyCut.h" -o build/kactl.tmp )...executed.

 (./build/kactl.tmp
<content/geometry/PolygonCut.pdf, id=2774, 42.67899pt x 42.67899pt>
File: content/geometry/PolygonCut.pdf Graphic file (type pdf)
<use content/geometry/PolygonCut.pdf>
Package pdftex.def Info: content/geometry/PolygonCut.pdf  used on input line 16.
(pdftex.def)             Requested size: 42.67912pt x 42.68211pt.
)
runsystem(rm -f build/kactl.tmp)...executed.

runsystem(python2 content/tex/preprocessor.py -i "content/geometry/Voronoi.h" -o build/kactl.tmp )...executed.

 (./build/kactl.tmp)
runsystem(python2 content/tex/preprocessor.py --print-header "Voronoi.h|Voronoi.h" -o build/header2.tmp)...executed.

 (./build/header2.tmp) [18 <build//../content/geometry/LinearTransformation.pdf> <build//../content/geometry/ConvexHull.pdf> <./content/geometry/PolygonCut.pdf>]
runsystem(rm -f build/kactl.tmp)...executed.

runsystem(python2 content/tex/preprocessor.py -i "content/geometry/Circle.h" -o build/kactl.tmp )...executed.

 (./build/kactl.tmp)
runsystem(rm -f build/kactl.tmp)...executed.

runsystem(python2 content/tex/preprocessor.py -i "content/geometry/LineCircInter.h" -o build/kactl.tmp )...executed.

 (./build/kactl.tmp)
runsystem(rm -f build/kactl.tmp)...executed.

runsystem(python2 content/tex/preprocessor.py -i "content/geometry/CircCircInter.h" -o build/kactl.tmp )...executed.

 (./build/kactl.tmp)
runsystem(rm -f build/kactl.tmp)...executed.

runsystem(python2 content/tex/preprocessor.py -i "content/geometry/CircTangents.h" -o build/kactl.tmp )...executed.

 (./build/kactl.tmp)
runsystem(rm -f build/kactl.tmp)...executed.

runsystem(python2 content/tex/preprocessor.py -i "content/geometry/CircumCirc.h" -o build/kactl.tmp )...executed.

 (./build/kactl.tmp
<../content/geometry/Circumcircle.pdf, id=3000, 42.67899pt x 42.67899pt>
File: ../content/geometry/Circumcircle.pdf Graphic file (type pdf)
<use ../content/geometry/Circumcircle.pdf>
Package pdftex.def Info: ../content/geometry/Circumcircle.pdf  used on input line 15.
(pdftex.def)             Requested size: 42.67912pt x 42.68211pt.
)
runsystem(rm -f build/kactl.tmp)...executed.

runsystem(python2 content/tex/preprocessor.py -i "content/geometry/MEC.h" -o build/kactl.tmp )...executed.

 (./build/kactl.tmp)
runsystem(rm -f build/kactl.tmp)...executed.

runsystem(python2 content/tex/preprocessor.py -i "content/geometry/PointLocation.h" -o build/kactl.tmp )...executed.

 (./build/kactl.tmp)
runsystem(rm -f build/kactl.tmp)...executed.

runsystem(python2 content/tex/preprocessor.py -i "content/geometry/DCEL.h" -o build/kactl.tmp )...executed.

 (./build/kactl.tmp)
runsystem(rm -f build/kactl.tmp)...executed.

runsystem(python2 content/tex/preprocessor.py -i "content/geometry/ClosestPair.h" -o build/kactl.tmp )...executed.

 (./build/kactl.tmp
runsystem(python2 content/tex/preprocessor.py --print-header "DCEL.h|ClosestPair.h" -o build/header2.tmp)...executed.

 (./build/header2.tmp) [19 <build//../content/geometry/Circumcircle.pdf>])
runsystem(rm -f build/kactl.tmp)...executed.

runsystem(python2 content/tex/preprocessor.py -i "content/geometry/DynamicHull.h" -o build/kactl.tmp )...executed.

 (./build/kactl.tmp)
runsystem(rm -f build/kactl.tmp)...executed.

runsystem(python2 content/tex/preprocessor.py -i "content/geometry/HalfplaneSet.h" -o build/kactl.tmp )...executed.

 (./build/kactl.tmp)
runsystem(rm -f build/kactl.tmp)...executed.

runsystem(python2 content/tex/preprocessor.py -i "content/geometry/RotatePlane.h" -o build/kactl.tmp )...executed.

 (./build/kactl.tmp
runsystem(python2 content/tex/preprocessor.py --print-header "RotatePlane.h|RotatePlane.h" -o build/header2.tmp)...executed.

 (./build/header2.tmp) [20])
runsystem(rm -f build/kactl.tmp)...executed.

runsystem(python2 content/tex/preprocessor.py -i "content/geometry/KDTree.h" -o build/kactl.tmp )...executed.

 (./build/kactl.tmp)
runsystem(rm -f build/kactl.tmp)...executed.

runsystem(python2 content/tex/preprocessor.py -i "content/geometry/Delaunay.h" -o build/kactl.tmp )...executed.

 (./build/kactl.tmp)
runsystem(rm -f build/kactl.tmp)...executed.

runsystem(python2 content/tex/preprocessor.py -i "content/geometry/FastDelaunay.h" -o build/kactl.tmp )...executed.

 (./build/kactl.tmp)
runsystem(rm -f build/kactl.tmp)...executed.

runsystem(python2 content/tex/preprocessor.py -i "content/geometry/Point3D.h" -o build/kactl.tmp )...executed.

 (./build/kactl.tmp
runsystem(python2 content/tex/preprocessor.py --print-header "Point3D.h|Point3D.h" -o build/header2.tmp)...executed.

 (./build/header2.tmp) [21])
runsystem(rm -f build/kactl.tmp)...executed.

runsystem(python2 content/tex/preprocessor.py -i "content/geometry/ConvexHull3D.h" -o build/kactl.tmp )...executed.

 (./build/kactl.tmp)
runsystem(rm -f build/kactl.tmp)...executed.

runsystem(python2 content/tex/preprocessor.py -i "content/geometry/PolyVolume3D.h" -o build/kactl.tmp )...executed.

 (./build/kactl.tmp)) (./content/strings/chapter.tex
Chapter 9.
runsystem(rm -f build/kactl.tmp)...executed.

runsystem(python2 content/tex/preprocessor.py -i "content/strings/KMP.h" -o build/kactl.tmp )...executed.

(./build/kactl.tmp)
runsystem(rm -f build/kactl.tmp)...executed.

runsystem(python2 content/tex/preprocessor.py -i "content/strings/ZFunction.h" -o build/kactl.tmp )...executed.

 (./build/kactl.tmp)
runsystem(rm -f build/kactl.tmp)...executed.

runsystem(python2 content/tex/preprocessor.py -i "content/strings/MinRotation.h" -o build/kactl.tmp )...executed.

 (./build/kactl.tmp)
runsystem(rm -f build/kactl.tmp)...executed.

runsystem(python2 content/tex/preprocessor.py -i "content/strings/AhoCorasick.h" -o build/kactl.tmp )...executed.

 (./build/kactl.tmp)
runsystem(rm -f build/kactl.tmp)...executed.

runsystem(python2 content/tex/preprocessor.py -i "content/strings/SuffixAutomaton.h" -o build/kactl.tmp )...executed.

 (./build/kactl.tmp
runsystem(python2 content/tex/preprocessor.py --print-header "SuffixAutomaton.h|SuffixAutomaton.h" -o build/header2.tmp)...executed.

 (./build/header2.tmp) [22])
runsystem(rm -f build/kactl.tmp)...executed.

runsystem(python2 content/tex/preprocessor.py -i "content/strings/Manacher.h" -o build/kactl.tmp )...executed.

 (./build/kactl.tmp)
runsystem(rm -f build/kactl.tmp)...executed.

runsystem(python2 content/tex/preprocessor.py -i "content/strings/PalindromicTree.h" -o build/kactl.tmp )...executed.

 (./build/kactl.tmp)) (./content/various/chapter.tex
Chapter 10.
runsystem(rm -f build/kactl.tmp)...executed.

runsystem(python2 content/tex/preprocessor.py -i "content/various/AlphaBeta.h" -o build/kactl.tmp )...executed.

(./build/kactl.tmp)
runsystem(rm -f build/kactl.tmp)...executed.

runsystem(python2 content/tex/preprocessor.py -i "content/various/Hashing.h" -o build/kactl.tmp )...executed.

 (./build/kactl.tmp
LaTeX Font Info:    Trying to load font information for TS1+pcr on input line 13.
 (/usr/local/texlive/2021/texmf-dist/tex/latex/psnfss/ts1pcr.fd
File: ts1pcr.fd 2001/06/04 font definitions for TS1/pcr.
))
runsystem(rm -f build/kactl.tmp)...executed.

runsystem(python2 content/tex/preprocessor.py -i "content/various/IntervalContainer.h" -o build/kactl.tmp )...executed.

 (./build/kactl.tmp)
runsystem(rm -f build/kactl.tmp)...executed.

runsystem(python2 content/tex/preprocessor.py -i "content/various/ConstantIntervals.h" -o build/kactl.tmp )...executed.

 (./build/kactl.tmp)
runsystem(rm -f build/kactl.tmp)...executed.

runsystem(python2 content/tex/preprocessor.py -i "content/various/KnuthDP.h" -o build/kactl.tmp )...executed.

 (./build/kactl.tmp)
runsystem(python2 content/tex/preprocessor.py --print-header "KnuthDP.h|KnuthDP.h" -o build/header2.tmp)...executed.

 (./build/header2.tmp) [23]
runsystem(rm -f build/kactl.tmp)...executed.

runsystem(python2 content/tex/preprocessor.py -i "content/various/Montgomery.h" -o build/kactl.tmp )...executed.

 (./build/kactl.tmp)
runsystem(rm -f build/kactl.tmp)...executed.

runsystem(python2 content/tex/preprocessor.py -i "content/various/FastInput.h" -o build/kactl.tmp )...executed.

 (./build/kactl.tmp))
runsystem(python2 content/tex/preprocessor.py --print-header "|FastInput.h" -o build/header2.tmp)...executed.

 (./build/header2.tmp) [24]
\tf@ptc=\write5
\openout5 = `kactl.ptc'.

runsystem(rm -f build/header.tmp)...executed.

runsystem(rm -f build/header2.tmp)...executed.

runsystem(rm -f build/kactl.tmp)...executed.

 (build//kactl.aux)
Package rerunfilecheck Info: File `kactl.out' has not changed.
(rerunfilecheck)             Checksum: 48F200D2860AEDD3FD93319FD738F5DF;913.
 ) 
Here is how much of TeX's memory you used:
 19271 strings out of 478994
 279527 string characters out of 5858184
 2075125 words of memory out of 5000000
 32877 multiletter control sequences out of 15000+600000
 419701 words of font info for 88 fonts, out of 8000000 for 9000
 1141 hyphenation exceptions out of 8191
 86i,16n,88p,684b,2221s stack positions out of 5000i,500n,10000p,200000b,80000s
{/usr/local/texlive/2021/texmf-dist/fonts/enc/dvips/cm-super/cm-super-ts1.enc}{/usr/local/texlive/2021/texmf-dist/fonts/enc/dvips/base/8r.enc}</usr/local/texlive/2021/texmf-dist/fonts/type1/public/amsfonts/cm/cmbx10.pfb></usr/local/texlive/2021/texmf-dist/fonts/type1/public/amsfonts/cm/cmbx12.pfb></usr/local/texlive/2021/texmf-dist/fonts/type1/public/amsfonts/cm/cmbx6.pfb></usr/local/texlive/2021/texmf-dist/fonts/type1/public/amsfonts/cm/cmbx7.pfb></usr/local/texlive/2021/texmf-dist/fonts/type1/public/amsfonts/cm/cmbx9.pfb></usr/local/texlive/2021/texmf-dist/fonts/type1/public/amsfonts/cmextra/cmex7.pfb></usr/local/texlive/2021/texmf-dist/fonts/type1/public/amsfonts/cmextra/cmex8.pfb></usr/local/texlive/2021/texmf-dist/fonts/type1/public/amsfonts/cmextra/cmex9.pfb></usr/local/texlive/2021/texmf-dist/fonts/type1/public/amsfonts/cm/cmmi5.pfb></usr/local/texlive/2021/texmf-dist/fonts/type1/public/amsfonts/cm/cmmi6.pfb></usr/local/texlive/2021/texmf-dist/fonts/type1/public/amsfonts/cm/cmmi7.pfb></usr/local/texlive/2021/texmf-dist/fonts/type1/public/amsfonts/cm/cmmi8.pfb></usr/local/texlive/2021/texmf-dist/fonts/type1/public/amsfonts/cm/cmmi9.pfb></usr/local/texlive/2021/texmf-dist/fonts/type1/public/amsfonts/cm/cmr10.pfb></usr/local/texlive/2021/texmf-dist/fonts/type1/public/amsfonts/cm/cmr12.pfb></usr/local/texlive/2021/texmf-dist/fonts/type1/public/amsfonts/cm/cmr17.pfb></usr/local/texlive/2021/texmf-dist/fonts/type1/public/amsfonts/cm/cmr5.pfb></usr/local/texlive/2021/texmf-dist/fonts/type1/public/amsfonts/cm/cmr6.pfb></usr/local/texlive/2021/texmf-dist/fonts/type1/public/amsfonts/cm/cmr7.pfb></usr/local/texlive/2021/texmf-dist/fonts/type1/public/amsfonts/cm/cmr8.pfb></usr/local/texlive/2021/texmf-dist/fonts/type1/public/amsfonts/cm/cmr9.pfb></usr/local/texlive/2021/texmf-dist/fonts/type1/public/amsfonts/cm/cmsy5.pfb></usr/local/texlive/2021/texmf-dist/fonts/type1/public/amsfonts/cm/cmsy6.pfb></usr/local/texlive/2021/texmf-dist/fonts/type1/public/amsfonts/cm/cmsy7.pfb></usr/local/texlive/2021/texmf-dist/fonts/type1/public/amsfonts/cm/cmsy8.pfb></usr/local/texlive/2021/texmf-dist/fonts/type1/public/amsfonts/cm/cmsy9.pfb></usr/local/texlive/2021/texmf-dist/fonts/type1/public/amsfonts/cm/cmti7.pfb></usr/local/texlive/2021/texmf-dist/fonts/type1/public/amsfonts/cm/cmti9.pfb></usr/local/texlive/2021/texmf-dist/fonts/type1/public/amsfonts/symbols/msbm10.pfb></usr/local/texlive/2021/texmf-dist/fonts/type1/public/amsfonts/symbols/msbm7.pfb></usr/local/texlive/2021/texmf-dist/fonts/type1/public/cm-super/sfrm0900.pfb></usr/local/texlive/2021/texmf-dist/fonts/type1/public/cm-super/sfti0700.pfb></usr/local/texlive/2021/texmf-dist/fonts/type1/urw/courier/ucrb8a.pfb></usr/local/texlive/2021/texmf-dist/fonts/type1/urw/courier/ucrr8a.pfb></usr/local/texlive/2021/texmf-dist/fonts/type1/urw/courier/ucrro8a.pfb>
Output written on build//kactl.pdf (25 pages, 3582339 bytes).
PDF statistics:
 4669 PDF objects out of 5155 (max. 8388607)
 4405 compressed objects within 45 object streams
 3280 named destinations out of 3580 (max. 500000)
 131 words of extra memory for PDF output out of 10000 (max. 10000000)

